{"level":"info","message":"Jobs starting","timestamp":"2026-02-26T12:23:04.875Z"}
{"level":"info","message":"API listening","port":"3000","timestamp":"2026-02-26T12:23:04.879Z"}
{"date":"2026-02-27","level":"info","message":"Automation cutoff start","timestamp":"2026-02-26T12:24:04.947Z"}
{"error":"Failed to parse private key: Error: Invalid PEM formatted message.","level":"error","message":"Jobs error","stack":"Error: Failed to parse private key: Error: Invalid PEM formatted message.\n    at new ServiceAccount (/home/hema/Projects/basicdiet145/node_modules/firebase-admin/lib/app/credential-internal.js:153:19)\n    at new ServiceAccountCredential (/home/hema/Projects/basicdiet145/node_modules/firebase-admin/lib/app/credential-internal.js:70:15)\n    at Object.cert (/home/hema/Projects/basicdiet145/node_modules/firebase-admin/lib/app/credential-factory.js:103:54)\n    at getFirebaseAdmin (/home/hema/Projects/basicdiet145/src/utils/firebase.js:12:34)\n    at notifyUser (/home/hema/Projects/basicdiet145/src/utils/notify.js:8:17)\n    at process.processTicksAndRejections (node:internal/process/task_queues:104:5)\n    at async processDailyCutoff (/home/hema/Projects/basicdiet145/src/services/automationService.js:72:9)\n    at async Timeout._onTimeout (/home/hema/Projects/basicdiet145/src/jobs/index.js:25:17)","timestamp":"2026-02-26T12:24:05.377Z"}
{"date":"2026-02-27","level":"info","message":"Automation cutoff start","timestamp":"2026-02-26T12:25:04.934Z"}
{"error":"Failed to parse private key: Error: Invalid PEM formatted message.","level":"error","message":"Jobs error","stack":"Error: Failed to parse private key: Error: Invalid PEM formatted message.\n    at new ServiceAccount (/home/hema/Projects/basicdiet145/node_modules/firebase-admin/lib/app/credential-internal.js:153:19)\n    at new ServiceAccountCredential (/home/hema/Projects/basicdiet145/node_modules/firebase-admin/lib/app/credential-internal.js:70:15)\n    at Object.cert (/home/hema/Projects/basicdiet145/node_modules/firebase-admin/lib/app/credential-factory.js:103:54)\n    at getFirebaseAdmin (/home/hema/Projects/basicdiet145/src/utils/firebase.js:12:34)\n    at notifyUser (/home/hema/Projects/basicdiet145/src/utils/notify.js:8:17)\n    at process.processTicksAndRejections (node:internal/process/task_queues:104:5)\n    at async processDailyCutoff (/home/hema/Projects/basicdiet145/src/services/automationService.js:72:9)\n    at async Timeout._onTimeout (/home/hema/Projects/basicdiet145/src/jobs/index.js:25:17)","timestamp":"2026-02-26T12:25:05.447Z"}
{"date":"2026-02-27","level":"info","message":"Automation cutoff start","timestamp":"2026-02-26T12:26:04.931Z"}
{"error":"Failed to parse private key: Error: Invalid PEM formatted message.","level":"error","message":"Jobs error","stack":"Error: Failed to parse private key: Error: Invalid PEM formatted message.\n    at new ServiceAccount (/home/hema/Projects/basicdiet145/node_modules/firebase-admin/lib/app/credential-internal.js:153:19)\n    at new ServiceAccountCredential (/home/hema/Projects/basicdiet145/node_modules/firebase-admin/lib/app/credential-internal.js:70:15)\n    at Object.cert (/home/hema/Projects/basicdiet145/node_modules/firebase-admin/lib/app/credential-factory.js:103:54)\n    at getFirebaseAdmin (/home/hema/Projects/basicdiet145/src/utils/firebase.js:12:34)\n    at notifyUser (/home/hema/Projects/basicdiet145/src/utils/notify.js:8:17)\n    at process.processTicksAndRejections (node:internal/process/task_queues:104:5)\n    at async processDailyCutoff (/home/hema/Projects/basicdiet145/src/services/automationService.js:72:9)\n    at async Timeout._onTimeout (/home/hema/Projects/basicdiet145/src/jobs/index.js:25:17)","timestamp":"2026-02-26T12:26:05.262Z"}
{"date":"2026-02-27","level":"info","message":"Automation cutoff start","timestamp":"2026-02-26T12:27:04.932Z"}
{"error":"Failed to parse private key: Error: Invalid PEM formatted message.","level":"error","message":"Jobs error","stack":"Error: Failed to parse private key: Error: Invalid PEM formatted message.\n    at new ServiceAccount (/home/hema/Projects/basicdiet145/node_modules/firebase-admin/lib/app/credential-internal.js:153:19)\n    at new ServiceAccountCredential (/home/hema/Projects/basicdiet145/node_modules/firebase-admin/lib/app/credential-internal.js:70:15)\n    at Object.cert (/home/hema/Projects/basicdiet145/node_modules/firebase-admin/lib/app/credential-factory.js:103:54)\n    at getFirebaseAdmin (/home/hema/Projects/basicdiet145/src/utils/firebase.js:12:34)\n    at notifyUser (/home/hema/Projects/basicdiet145/src/utils/notify.js:8:17)\n    at process.processTicksAndRejections (node:internal/process/task_queues:104:5)\n    at async processDailyCutoff (/home/hema/Projects/basicdiet145/src/services/automationService.js:72:9)\n    at async Timeout._onTimeout (/home/hema/Projects/basicdiet145/src/jobs/index.js:25:17)","timestamp":"2026-02-26T12:27:05.280Z"}
{"date":"2026-02-27","level":"info","message":"Automation cutoff start","timestamp":"2026-02-26T12:28:04.929Z"}
{"count":1,"level":"info","message":"Automation cutoff finished","timestamp":"2026-02-26T12:28:05.272Z"}
{"level":"info","message":"Jobs starting","timestamp":"2026-02-26T16:26:24.863Z"}
{"level":"info","message":"API listening","port":"3000","timestamp":"2026-02-26T16:26:24.870Z"}
{"date":"2026-02-27","level":"info","message":"Automation cutoff start","timestamp":"2026-02-26T16:27:24.987Z"}
{"count":0,"level":"info","message":"Automation cutoff finished","timestamp":"2026-02-26T16:27:25.043Z"}
{"activeSubscriptions":60,"level":"info","message":"Subscription expiry reminders finished","sent24h":2,"sent3d":0,"timestamp":"2026-02-26T16:27:25.602Z"}
{"level":"info","message":"Jobs starting","timestamp":"2026-02-26T16:28:19.669Z"}
{"level":"info","message":"API listening","port":"3000","timestamp":"2026-02-26T16:28:19.676Z"}
{"level":"info","message":"Jobs starting","timestamp":"2026-02-28T05:22:46.074Z"}
{"level":"info","message":"API listening","port":"3000","timestamp":"2026-02-28T05:22:46.082Z"}
{"date":"2026-03-01","level":"info","message":"Automation cutoff start","timestamp":"2026-02-28T05:23:46.210Z"}
{"error":"Failed to parse private key: Error: Invalid PEM formatted message.","level":"error","message":"Jobs error","stack":"Error: Failed to parse private key: Error: Invalid PEM formatted message.\n    at new ServiceAccount (/home/hema/Projects/basicdiet145/node_modules/firebase-admin/lib/app/credential-internal.js:153:19)\n    at new ServiceAccountCredential (/home/hema/Projects/basicdiet145/node_modules/firebase-admin/lib/app/credential-internal.js:70:15)\n    at Object.cert (/home/hema/Projects/basicdiet145/node_modules/firebase-admin/lib/app/credential-factory.js:103:54)\n    at getFirebaseAdmin (/home/hema/Projects/basicdiet145/src/utils/firebase.js:12:34)\n    at notifyUser (/home/hema/Projects/basicdiet145/src/utils/notify.js:30:17)\n    at process.processTicksAndRejections (node:internal/process/task_queues:104:5)\n    at async processDailyCutoff (/home/hema/Projects/basicdiet145/src/services/automationService.js:86:13)\n    at async Timeout._onTimeout (/home/hema/Projects/basicdiet145/src/jobs/index.js:42:9)","timestamp":"2026-02-28T05:23:46.708Z"}
{"date":"2026-03-01","level":"info","message":"Automation cutoff start","timestamp":"2026-02-28T05:24:46.194Z"}
{"error":"Failed to parse private key: Error: Invalid PEM formatted message.","level":"error","message":"Jobs error","stack":"Error: Failed to parse private key: Error: Invalid PEM formatted message.\n    at new ServiceAccount (/home/hema/Projects/basicdiet145/node_modules/firebase-admin/lib/app/credential-internal.js:153:19)\n    at new ServiceAccountCredential (/home/hema/Projects/basicdiet145/node_modules/firebase-admin/lib/app/credential-internal.js:70:15)\n    at Object.cert (/home/hema/Projects/basicdiet145/node_modules/firebase-admin/lib/app/credential-factory.js:103:54)\n    at getFirebaseAdmin (/home/hema/Projects/basicdiet145/src/utils/firebase.js:12:34)\n    at notifyUser (/home/hema/Projects/basicdiet145/src/utils/notify.js:30:17)\n    at process.processTicksAndRejections (node:internal/process/task_queues:104:5)\n    at async processDailyCutoff (/home/hema/Projects/basicdiet145/src/services/automationService.js:86:13)\n    at async Timeout._onTimeout (/home/hema/Projects/basicdiet145/src/jobs/index.js:42:9)","timestamp":"2026-02-28T05:24:46.838Z"}
{"date":"2026-03-01","level":"info","message":"Automation cutoff start","timestamp":"2026-02-28T05:25:46.181Z"}
{"error":"Failed to parse private key: Error: Invalid PEM formatted message.","level":"error","message":"Jobs error","stack":"Error: Failed to parse private key: Error: Invalid PEM formatted message.\n    at new ServiceAccount (/home/hema/Projects/basicdiet145/node_modules/firebase-admin/lib/app/credential-internal.js:153:19)\n    at new ServiceAccountCredential (/home/hema/Projects/basicdiet145/node_modules/firebase-admin/lib/app/credential-internal.js:70:15)\n    at Object.cert (/home/hema/Projects/basicdiet145/node_modules/firebase-admin/lib/app/credential-factory.js:103:54)\n    at getFirebaseAdmin (/home/hema/Projects/basicdiet145/src/utils/firebase.js:12:34)\n    at notifyUser (/home/hema/Projects/basicdiet145/src/utils/notify.js:30:17)\n    at process.processTicksAndRejections (node:internal/process/task_queues:104:5)\n    at async processDailyCutoff (/home/hema/Projects/basicdiet145/src/services/automationService.js:86:13)\n    at async Timeout._onTimeout (/home/hema/Projects/basicdiet145/src/jobs/index.js:42:9)","timestamp":"2026-02-28T05:25:46.505Z"}
{"date":"2026-03-01","level":"info","message":"Automation cutoff start","timestamp":"2026-02-28T05:26:46.186Z"}
{"count":1,"level":"info","message":"Automation cutoff finished","timestamp":"2026-02-28T05:26:46.601Z"}
{"level":"info","message":"Jobs starting","timestamp":"2026-02-28T05:27:58.290Z"}
{"level":"info","message":"API listening","port":"3000","timestamp":"2026-02-28T05:27:58.298Z"}
{"date":"2026-03-01","level":"info","message":"Automation cutoff start","timestamp":"2026-02-28T05:28:58.412Z"}
{"count":0,"level":"info","message":"Automation cutoff finished","timestamp":"2026-02-28T05:28:58.464Z"}
{"level":"info","message":"Jobs starting","timestamp":"2026-02-28T05:29:12.256Z"}
{"level":"info","message":"API listening","port":"3000","timestamp":"2026-02-28T05:29:12.264Z"}
{"level":"info","message":"Jobs starting","timestamp":"2026-02-28T05:30:16.030Z"}
{"level":"info","message":"API listening","port":"3000","timestamp":"2026-02-28T05:30:16.042Z"}
{"date":"2026-03-01","level":"info","message":"Automation cutoff start","timestamp":"2026-02-28T05:31:16.153Z"}
{"count":0,"level":"info","message":"Automation cutoff finished","timestamp":"2026-02-28T05:31:16.206Z"}
{"level":"info","message":"Jobs starting","timestamp":"2026-02-28T05:34:48.997Z"}
{"level":"info","message":"API listening","port":"3000","timestamp":"2026-02-28T05:34:49.002Z"}
{"date":"2026-03-01","level":"info","message":"Automation cutoff start","timestamp":"2026-02-28T05:35:49.114Z"}
{"count":0,"level":"info","message":"Automation cutoff finished","timestamp":"2026-02-28T05:35:49.164Z"}
{"level":"info","message":"Jobs starting","timestamp":"2026-02-28T05:45:22.972Z"}
{"level":"info","message":"API listening","port":"3000","timestamp":"2026-02-28T05:45:22.980Z"}
{"date":"2026-03-01","level":"info","message":"Automation cutoff start","timestamp":"2026-02-28T05:46:23.093Z"}
{"count":0,"level":"info","message":"Automation cutoff finished","timestamp":"2026-02-28T05:46:23.146Z"}
{"level":"info","message":"Jobs starting","timestamp":"2026-02-28T05:50:20.012Z"}
{"level":"info","message":"API listening","port":"3000","timestamp":"2026-02-28T05:50:20.020Z"}
{"date":"2026-03-01","level":"info","message":"Automation cutoff start","timestamp":"2026-02-28T05:51:20.153Z"}
{"count":0,"level":"info","message":"Automation cutoff finished","timestamp":"2026-02-28T05:51:20.207Z"}
{"level":"info","message":"Jobs starting","timestamp":"2026-02-28T05:58:05.641Z"}
{"level":"info","message":"API listening","port":"3000","timestamp":"2026-02-28T05:58:05.648Z"}
{"date":"2026-03-01","level":"info","message":"Automation cutoff start","timestamp":"2026-02-28T05:59:05.763Z"}
{"count":0,"level":"info","message":"Automation cutoff finished","timestamp":"2026-02-28T05:59:05.813Z"}
{"dedupeKey":"sub:6987410f5f3b6e4ff85984b4:expiry_3d","error":"Failed to parse private key: Error: Invalid PEM formatted message.","level":"error","message":"Notification send failed","stack":"Error: Failed to parse private key: Error: Invalid PEM formatted message.\n    at new ServiceAccount (/home/hema/Projects/basicdiet145/node_modules/firebase-admin/lib/app/credential-internal.js:153:19)\n    at new ServiceAccountCredential (/home/hema/Projects/basicdiet145/node_modules/firebase-admin/lib/app/credential-internal.js:70:15)\n    at Object.cert (/home/hema/Projects/basicdiet145/node_modules/firebase-admin/lib/app/credential-factory.js:103:54)\n    at getFirebaseAdmin (/home/hema/Projects/basicdiet145/src/utils/firebase.js:12:34)\n    at notifyUser (/home/hema/Projects/basicdiet145/src/utils/notify.js:30:17)\n    at process.processTicksAndRejections (node:internal/process/task_queues:104:5)\n    at async sendUserNotificationWithDedupe (/home/hema/Projects/basicdiet145/src/services/notificationService.js:48:20)\n    at async processSubscriptionExpiryReminders (/home/hema/Projects/basicdiet145/src/services/notificationSchedulerService.js:128:26)\n    at async Timeout._onTimeout (/home/hema/Projects/basicdiet145/src/jobs/index.js:52:9)","timestamp":"2026-02-28T06:00:06.067Z"}
{"activeSubscriptions":60,"level":"info","message":"Subscription expiry reminders finished","sent24h":0,"sent3d":2,"timestamp":"2026-02-28T06:00:06.492Z"}
{"level":"info","message":"Jobs starting","timestamp":"2026-02-28T06:10:53.188Z"}
{"level":"info","message":"API listening","port":"3001","timestamp":"2026-02-28T06:10:53.200Z"}
{"level":"info","message":"Jobs starting","timestamp":"2026-02-28T06:18:15.700Z"}
{"level":"info","message":"API listening","port":"3000","timestamp":"2026-02-28T06:18:15.708Z"}
{"date":"2026-03-01","level":"info","message":"Automation cutoff start","timestamp":"2026-02-28T06:19:15.815Z"}
{"count":0,"level":"info","message":"Automation cutoff finished","timestamp":"2026-02-28T06:19:15.887Z"}
{"dedupeKey":"sub:6987410f5f3b6e4ff85984b4:expiry_3d","error":"Failed to parse private key: Error: Invalid PEM formatted message.","level":"error","message":"Notification send failed","stack":"Error: Failed to parse private key: Error: Invalid PEM formatted message.\n    at new ServiceAccount (/home/hema/Projects/basicdiet145/node_modules/firebase-admin/lib/app/credential-internal.js:153:19)\n    at new ServiceAccountCredential (/home/hema/Projects/basicdiet145/node_modules/firebase-admin/lib/app/credential-internal.js:70:15)\n    at Object.cert (/home/hema/Projects/basicdiet145/node_modules/firebase-admin/lib/app/credential-factory.js:103:54)\n    at getFirebaseAdmin (/home/hema/Projects/basicdiet145/src/utils/firebase.js:12:34)\n    at notifyUser (/home/hema/Projects/basicdiet145/src/utils/notify.js:30:17)\n    at process.processTicksAndRejections (node:internal/process/task_queues:104:5)\n    at async sendUserNotificationWithDedupe (/home/hema/Projects/basicdiet145/src/services/notificationService.js:48:20)\n    at async processSubscriptionExpiryReminders (/home/hema/Projects/basicdiet145/src/services/notificationSchedulerService.js:128:26)\n    at async Timeout._onTimeout (/home/hema/Projects/basicdiet145/src/jobs/index.js:52:9)","timestamp":"2026-02-28T06:19:16.216Z"}
{"activeSubscriptions":60,"level":"info","message":"Subscription expiry reminders finished","sent24h":0,"sent3d":0,"timestamp":"2026-02-28T06:19:16.218Z"}
